2010-03-18 21:58:41 Warning: Warning (2): Illegal offset type in isset or empty in [/var/www/live-jamming/cake/libs/inflector.php, line 403]
2010-03-18 21:58:41 Warning: Warning (2): preg_match() expects parameter 2 to be string, array given in [/var/www/live-jamming/cake/libs/inflector.php, line 420]
2010-03-18 21:58:41 Warning: Warning (2): preg_match() expects parameter 2 to be string, array given in [/var/www/live-jamming/cake/libs/inflector.php, line 425]
2010-03-18 21:58:41 Warning: Warning (2): preg_match() expects parameter 2 to be string, array given in [/var/www/live-jamming/cake/libs/inflector.php, line 431]
2010-03-18 21:58:41 Warning: Warning (2): Illegal offset type in [/var/www/live-jamming/cake/libs/inflector.php, line 436]
2010-03-18 21:58:41 Warning: Warning (2): Cannot modify header information - headers already sent by (output started at /var/www/live-jamming/cake/libs/debugger.php:663) in [/var/www/live-jamming/cake/libs/controller/controller.php, line 747]
2010-03-19 12:40:42 Warning: Warning (512): <span style="color:Red;text-align:left"><b>SQL Error:</b> 1452: Cannot add or update a child row: a foreign key constraint fails (`live-jamming_db`.`users`, CONSTRAINT `fk_user_countries` FOREIGN KEY (`country_id`) REFERENCES `countries` (`id`) ON DELETE NO ACTION ON UPDATE NO ACTION)</span> in [/var/www/live-jamming/cake/libs/model/datasources/dbo_source.php, line 669]
2010-03-19 12:53:43 Warning: Warning (512): <span style="color:Red;text-align:left"><b>SQL Error:</b> 1452: Cannot add or update a child row: a foreign key constraint fails (`live-jamming_db`.`users`, CONSTRAINT `fk_user_countries` FOREIGN KEY (`country_id`) REFERENCES `countries` (`id`) ON DELETE NO ACTION ON UPDATE NO ACTION)</span> in [/var/www/live-jamming/cake/libs/model/datasources/dbo_source.php, line 669]
2010-03-19 13:12:25 Warning: Warning (512): <span style="color:Red;text-align:left"><b>SQL Error:</b> 1452: Cannot add or update a child row: a foreign key constraint fails (`live-jamming_db`.`users`, CONSTRAINT `fk_user_countries` FOREIGN KEY (`country_id`) REFERENCES `countries` (`id`) ON DELETE NO ACTION ON UPDATE NO ACTION)</span> in [/var/www/live-jamming/cake/libs/model/datasources/dbo_source.php, line 669]
2010-03-19 13:13:20 Warning: Warning (512): <span style="color:Red;text-align:left"><b>SQL Error:</b> 1452: Cannot add or update a child row: a foreign key constraint fails (`live-jamming_db`.`users`, CONSTRAINT `fk_user_countries` FOREIGN KEY (`country_id`) REFERENCES `countries` (`id`) ON DELETE NO ACTION ON UPDATE NO ACTION)</span> in [/var/www/live-jamming/cake/libs/model/datasources/dbo_source.php, line 669]
2010-03-19 13:16:27 Warning: Warning (512): <span style="color:Red;text-align:left"><b>SQL Error:</b> 1062: Duplicate entry '0' for key 'PRIMARY'</span> in [/var/www/live-jamming/cake/libs/model/datasources/dbo_source.php, line 669]
2010-03-19 16:54:14 Warning: Warning (2): Cannot modify header information - headers already sent by (output started at /var/www/live-jamming/cake/libs/debugger.php:663) in [/var/www/live-jamming/cake/libs/controller/components/cookie.php, line 365]
2010-03-19 16:57:06 Warning: Warning (2): Cannot modify header information - headers already sent by (output started at /var/www/live-jamming/app/app_controller.php:17) in [/var/www/live-jamming/cake/libs/controller/components/cookie.php, line 365]
2010-03-19 16:57:08 Warning: Warning (2): Cannot modify header information - headers already sent by (output started at /var/www/live-jamming/app/app_controller.php:17) in [/var/www/live-jamming/cake/libs/controller/components/cookie.php, line 365]
2010-04-01 15:53:18 Warning: Warning (2): Cannot modify header information - headers already sent by (output started at /var/www/live-jamming/cake/libs/debugger.php:663) in [/var/www/live-jamming/cake/libs/controller/components/cookie.php, line 365]
2010-04-01 16:14:42 Warning: Warning (2): Cannot modify header information - headers already sent by (output started at /var/www/live-jamming/cake/basics.php:107) in [/var/www/live-jamming/cake/libs/controller/components/cookie.php, line 365]
2010-04-01 16:17:27 Warning: Warning (2): Cannot modify header information - headers already sent by (output started at /var/www/live-jamming/cake/basics.php:107) in [/var/www/live-jamming/cake/libs/controller/components/cookie.php, line 365]
2010-04-01 16:17:33 Warning: Warning (2): Cannot modify header information - headers already sent by (output started at /var/www/live-jamming/cake/basics.php:107) in [/var/www/live-jamming/cake/libs/controller/components/cookie.php, line 365]
2010-04-01 16:17:35 Warning: Warning (2): Cannot modify header information - headers already sent by (output started at /var/www/live-jamming/cake/basics.php:107) in [/var/www/live-jamming/cake/libs/controller/components/cookie.php, line 365]
2010-04-01 16:17:36 Warning: Warning (2): Cannot modify header information - headers already sent by (output started at /var/www/live-jamming/cake/basics.php:107) in [/var/www/live-jamming/cake/libs/controller/components/cookie.php, line 365]
2010-04-01 16:17:36 Warning: Warning (2): Cannot modify header information - headers already sent by (output started at /var/www/live-jamming/cake/basics.php:107) in [/var/www/live-jamming/cake/libs/controller/components/cookie.php, line 365]
2010-04-01 16:17:37 Warning: Warning (2): Cannot modify header information - headers already sent by (output started at /var/www/live-jamming/cake/basics.php:107) in [/var/www/live-jamming/cake/libs/controller/components/cookie.php, line 365]
2010-04-01 16:17:38 Warning: Warning (2): Cannot modify header information - headers already sent by (output started at /var/www/live-jamming/cake/basics.php:107) in [/var/www/live-jamming/cake/libs/controller/components/cookie.php, line 365]
2010-04-01 16:17:38 Warning: Warning (2): Cannot modify header information - headers already sent by (output started at /var/www/live-jamming/cake/basics.php:107) in [/var/www/live-jamming/cake/libs/controller/components/cookie.php, line 365]
2010-04-01 16:17:39 Warning: Warning (2): Cannot modify header information - headers already sent by (output started at /var/www/live-jamming/cake/basics.php:107) in [/var/www/live-jamming/cake/libs/controller/components/cookie.php, line 365]
2010-04-01 16:17:40 Warning: Warning (2): Cannot modify header information - headers already sent by (output started at /var/www/live-jamming/cake/basics.php:107) in [/var/www/live-jamming/cake/libs/controller/components/cookie.php, line 365]
2010-04-01 16:17:41 Warning: Warning (2): Cannot modify header information - headers already sent by (output started at /var/www/live-jamming/cake/basics.php:107) in [/var/www/live-jamming/cake/libs/controller/components/cookie.php, line 365]
2010-04-01 16:48:39 Warning: Warning (512): <span style="color:Red;text-align:left"><b>SQL Error:</b> 1064: You have an error in your SQL syntax; check the manual that corresponds to your MySQL server version for the right syntax to use near 'findAllThreaded' at line 1</span> in [/var/www/live-jamming/cake/libs/model/datasources/dbo_source.php, line 669]
2010-04-01 16:49:11 Warning: Warning (512): <span style="color:Red;text-align:left"><b>SQL Error:</b> 1064: You have an error in your SQL syntax; check the manual that corresponds to your MySQL server version for the right syntax to use near 'findAllThreaded' at line 1</span> in [/var/www/live-jamming/cake/libs/model/datasources/dbo_source.php, line 669]
2010-04-01 16:49:25 Warning: Warning (512): <span style="color:Red;text-align:left"><b>SQL Error:</b> 1064: You have an error in your SQL syntax; check the manual that corresponds to your MySQL server version for the right syntax to use near 'findAll' at line 1</span> in [/var/www/live-jamming/cake/libs/model/datasources/dbo_source.php, line 669]
2010-04-01 18:01:41 Error: Fatal Error (256): Association Wordings is already binded to model User in [/var/www/live-jamming/cake/libs/model/behaviors/translate.php, line 442]
2010-04-01 18:01:56 Error: Fatal Error (256): Association Wordings is already binded to model User in [/var/www/live-jamming/cake/libs/model/behaviors/translate.php, line 442]
2010-04-01 19:12:46 Warning: Warning (512): <span style="color:Red;text-align:left"><b>SQL Error:</b> 1054: Unknown column 'translated' in 'where clause'</span> in [/var/www/live-jamming/cake/libs/model/datasources/dbo_source.php, line 669]
2010-04-01 19:13:15 Warning: Warning (512): <span style="color:Red;text-align:left"><b>SQL Error:</b> 1054: Unknown column 'translated' in 'where clause'</span> in [/var/www/live-jamming/cake/libs/model/datasources/dbo_source.php, line 669]
2010-04-01 19:16:08 Warning: Warning (512): <span style="color:Red;text-align:left"><b>SQL Error:</b> 1054: Unknown column 'User.name' in 'field list'</span> in [/var/www/live-jamming/cake/libs/model/datasources/dbo_source.php, line 669]
2010-04-01 19:19:25 Warning: Warning (512): <span style="color:Red;text-align:left"><b>SQL Error:</b> 1054: Unknown column 'Gender.name' in 'field list'</span> in [/var/www/live-jamming/cake/libs/model/datasources/dbo_source.php, line 669]
2010-04-01 19:22:04 Warning: Warning (512): <span style="color:Red;text-align:left"><b>SQL Error:</b> 1054: Unknown column 'Gender.name' in 'field list'</span> in [/var/www/live-jamming/cake/libs/model/datasources/dbo_source.php, line 669]
2010-04-01 19:28:19 Warning: Warning (512): <span style="color:Red;text-align:left"><b>SQL Error:</b> 1054: Unknown column 'translated' in 'where clause'</span> in [/var/www/live-jamming/cake/libs/model/datasources/dbo_source.php, line 669]
2010-04-01 19:29:42 Warning: Warning (512): <span style="color:Red;text-align:left"><b>SQL Error:</b> 1064: You have an error in your SQL syntax; check the manual that corresponds to your MySQL server version for the right syntax to use near 'All AND `I18n__wording`.`locale` = 'fre'    LIMIT 1' at line 1</span> in [/var/www/live-jamming/cake/libs/model/datasources/dbo_source.php, line 669]
2010-04-01 19:34:53 Warning: Warning (512): <span style="color:Red;text-align:left"><b>SQL Error:</b> 1064: You have an error in your SQL syntax; check the manual that corresponds to your MySQL server version for the right syntax to use near 'Gfind' at line 1</span> in [/var/www/live-jamming/cake/libs/model/datasources/dbo_source.php, line 669]
2010-04-01 19:35:26 Warning: Warning (512): <span style="color:Red;text-align:left"><b>SQL Error:</b> 1064: You have an error in your SQL syntax; check the manual that corresponds to your MySQL server version for the right syntax to use near 'Gfind' at line 1</span> in [/var/www/live-jamming/cake/libs/model/datasources/dbo_source.php, line 669]
2010-04-01 19:38:02 Warning: Warning (512): <span style="color:Red;text-align:left"><b>SQL Error:</b> 1052: Column 'id' in where clause is ambiguous</span> in [/var/www/live-jamming/cake/libs/model/datasources/dbo_source.php, line 669]
2010-04-01 19:48:42 Warning: Warning (2): preg_match() expects parameter 2 to be string, array given in [/var/www/live-jamming/cake/libs/model/datasources/dbo_source.php, line 1966]
2010-04-01 19:48:42 Warning: Warning (2): preg_match() expects parameter 2 to be string, array given in [/var/www/live-jamming/cake/libs/model/datasources/dbo_source.php, line 1968]
2010-04-01 19:48:42 Warning: Warning (512): <span style="color:Red;text-align:left"><b>SQL Error:</b> 1064: You have an error in your SQL syntax; check the manual that corresponds to your MySQL server version for the right syntax to use near 'all    LIMIT 1' at line 1</span> in [/var/www/live-jamming/cake/libs/model/datasources/dbo_source.php, line 669]
2010-04-01 19:49:22 Warning: Warning (2): preg_match() expects parameter 2 to be string, array given in [/var/www/live-jamming/cake/libs/model/datasources/dbo_source.php, line 1966]
2010-04-01 19:49:22 Warning: Warning (2): preg_match() expects parameter 2 to be string, array given in [/var/www/live-jamming/cake/libs/model/datasources/dbo_source.php, line 1968]
2010-04-01 19:49:22 Warning: Warning (512): <span style="color:Red;text-align:left"><b>SQL Error:</b> 1064: You have an error in your SQL syntax; check the manual that corresponds to your MySQL server version for the right syntax to use near 'all    LIMIT 1' at line 1</span> in [/var/www/live-jamming/cake/libs/model/datasources/dbo_source.php, line 669]
2010-04-01 19:59:17 Warning: Warning (512): <span style="color:Red;text-align:left"><b>SQL Error:</b> 1064: You have an error in your SQL syntax; check the manual that corresponds to your MySQL server version for the right syntax to use near '_findTranslated' at line 1</span> in [/var/www/live-jamming/cake/libs/model/datasources/dbo_source.php, line 669]
2010-04-01 20:02:15 Warning: Warning (2): Cannot modify header information - headers already sent by (output started at /var/www/live-jamming/cake/basics.php:107) in [/var/www/live-jamming/cake/libs/controller/components/cookie.php, line 365]
2010-04-01 20:02:15 Warning: Warning (512): <span style="color:Red;text-align:left"><b>SQL Error:</b> 1054: Unknown column 'translated' in 'where clause'</span> in [/var/www/live-jamming/cake/libs/model/datasources/dbo_source.php, line 669]
2010-04-01 20:03:25 Warning: Warning (2): Cannot modify header information - headers already sent by (output started at /var/www/live-jamming/cake/basics.php:107) in [/var/www/live-jamming/cake/libs/controller/components/cookie.php, line 365]
2010-04-01 20:03:25 Warning: Warning (512): <span style="color:Red;text-align:left"><b>SQL Error:</b> 1064: You have an error in your SQL syntax; check the manual that corresponds to your MySQL server version for the right syntax to use near '_findTranslated' at line 1</span> in [/var/www/live-jamming/cake/libs/model/datasources/dbo_source.php, line 669]
2010-04-01 20:03:41 Warning: Warning (512): <span style="color:Red;text-align:left"><b>SQL Error:</b> 1064: You have an error in your SQL syntax; check the manual that corresponds to your MySQL server version for the right syntax to use near '_findTranslated' at line 1</span> in [/var/www/live-jamming/cake/libs/model/datasources/dbo_source.php, line 669]
2010-04-06 16:19:18 Warning: Warning (512): <span style="color:Red;text-align:left"><b>SQL Error:</b> 1054: Unknown column 'Country.wording' in 'field list'</span> in [/var/www/live-jamming/cake/libs/model/datasources/dbo_source.php, line 669]
2010-04-06 16:23:27 Warning: Warning (512): <span style="color:Red;text-align:left"><b>SQL Error:</b> 1054: Unknown column 'Country.wording' in 'field list'</span> in [/var/www/live-jamming/cake/libs/model/datasources/dbo_source.php, line 669]
2010-04-06 16:27:10 Warning: Warning (512): <span style="color:Red;text-align:left"><b>SQL Error:</b> 1054: Unknown column 'Country.wording' in 'field list'</span> in [/var/www/live-jamming/cake/libs/model/datasources/dbo_source.php, line 669]
2010-04-06 16:27:12 Warning: Warning (512): <span style="color:Red;text-align:left"><b>SQL Error:</b> 1054: Unknown column 'Country.wording' in 'field list'</span> in [/var/www/live-jamming/cake/libs/model/datasources/dbo_source.php, line 669]
2010-04-06 16:27:13 Warning: Warning (512): <span style="color:Red;text-align:left"><b>SQL Error:</b> 1054: Unknown column 'Country.wording' in 'field list'</span> in [/var/www/live-jamming/cake/libs/model/datasources/dbo_source.php, line 669]
2010-04-06 16:27:22 Warning: Warning (512): <span style="color:Red;text-align:left"><b>SQL Error:</b> 1054: Unknown column 'Country.wording' in 'field list'</span> in [/var/www/live-jamming/cake/libs/model/datasources/dbo_source.php, line 669]
2010-04-06 16:27:23 Warning: Warning (512): <span style="color:Red;text-align:left"><b>SQL Error:</b> 1054: Unknown column 'Country.wording' in 'field list'</span> in [/var/www/live-jamming/cake/libs/model/datasources/dbo_source.php, line 669]
2010-04-06 16:34:25 Warning: Warning (512): <span style="color:Red;text-align:left"><b>SQL Error:</b> 1054: Unknown column 'Country.wording' in 'field list'</span> in [/var/www/live-jamming/cake/libs/model/datasources/dbo_source.php, line 669]
2010-04-06 16:43:00 Warning: Warning (512): <span style="color:Red;text-align:left"><b>SQL Error:</b> 1054: Unknown column 'countries.id' in 'field list'</span> in [/var/www/live-jamming/cake/libs/model/datasources/dbo_source.php, line 669]
2010-04-06 16:49:44 Warning: Warning (512): <span style="color:Red;text-align:left"><b>SQL Error:</b> 1054: Unknown column 'Country.countries' in 'field list'</span> in [/var/www/live-jamming/cake/libs/model/datasources/dbo_source.php, line 669]
2010-04-08 21:02:51 Warning: Warning (2): Invalid argument supplied for foreach() in [/var/www/live-jamming/cake/libs/view/view.php, line 764]
2010-04-08 21:19:48 Warning: Warning (4096): Object of class JqueryEngineHelper could not be converted to string in [/var/www/live-jamming/app/views/users/register.ctp, line 23]
2010-04-08 22:28:11 Warning: Warning (2): Cannot modify header information - headers already sent by (output started at /var/www/live-jamming/app/app_controller.php:21) in [/var/www/live-jamming/cake/libs/controller/controller.php, line 747]
2010-04-08 22:28:18 Warning: Warning (2): Cannot modify header information - headers already sent by (output started at /var/www/live-jamming/app/app_controller.php:21) in [/var/www/live-jamming/cake/libs/controller/controller.php, line 747]
2010-04-08 22:28:46 Warning: Warning (2): Cannot modify header information - headers already sent by (output started at /var/www/live-jamming/app/app_controller.php:21) in [/var/www/live-jamming/cake/libs/controller/controller.php, line 747]
2010-04-08 22:29:10 Warning: Warning (2): Cannot modify header information - headers already sent by (output started at /var/www/live-jamming/app/app_controller.php:13) in [/var/www/live-jamming/cake/libs/controller/components/cookie.php, line 365]
2010-04-08 22:29:10 Warning: Warning (2): Cannot modify header information - headers already sent by (output started at /var/www/live-jamming/app/app_controller.php:13) in [/var/www/live-jamming/cake/libs/controller/controller.php, line 747]
2010-04-08 22:29:30 Warning: Warning (2): Cannot modify header information - headers already sent by (output started at /var/www/live-jamming/cake/basics.php:107) in [/var/www/live-jamming/cake/libs/controller/components/cookie.php, line 365]
2010-04-08 22:29:30 Warning: Warning (2): Cannot modify header information - headers already sent by (output started at /var/www/live-jamming/cake/basics.php:107) in [/var/www/live-jamming/cake/libs/controller/controller.php, line 747]
2010-04-08 22:30:14 Warning: Warning (2): Cannot modify header information - headers already sent by (output started at /var/www/live-jamming/cake/basics.php:107) in [/var/www/live-jamming/cake/libs/controller/components/cookie.php, line 365]
2010-04-08 22:30:14 Warning: Warning (2): Cannot modify header information - headers already sent by (output started at /var/www/live-jamming/cake/basics.php:107) in [/var/www/live-jamming/cake/libs/controller/controller.php, line 747]
2010-04-08 22:30:34 Warning: Warning (2): Cannot modify header information - headers already sent by (output started at /var/www/live-jamming/cake/basics.php:107) in [/var/www/live-jamming/cake/libs/controller/components/cookie.php, line 365]
2010-04-08 22:30:34 Warning: Warning (2): Cannot modify header information - headers already sent by (output started at /var/www/live-jamming/cake/basics.php:107) in [/var/www/live-jamming/cake/libs/controller/controller.php, line 747]
2010-04-08 22:32:11 Warning: Warning (2): Wrong parameter count for array_flip() in [/var/www/live-jamming/app/app_controller.php, line 14]
2010-04-08 22:32:11 Warning: Warning (2): Wrong parameter count for in_array() in [/var/www/live-jamming/app/app_controller.php, line 14]
2010-04-08 22:32:11 Warning: Warning (2): Cannot modify header information - headers already sent by (output started at /var/www/live-jamming/cake/libs/debugger.php:663) in [/var/www/live-jamming/cake/libs/controller/components/cookie.php, line 365]
2010-04-08 22:32:11 Warning: Warning (2): Cannot modify header information - headers already sent by (output started at /var/www/live-jamming/cake/libs/debugger.php:663) in [/var/www/live-jamming/cake/libs/controller/controller.php, line 747]
2010-04-08 22:32:34 Warning: Warning (2): Cannot modify header information - headers already sent by (output started at /var/www/live-jamming/app/app_controller.php:16) in [/var/www/live-jamming/cake/libs/controller/controller.php, line 747]
2010-04-09 17:36:32 Warning: Warning (2): Missing argument 1 for Controller::redirect(), called in /var/www/live-jamming/app/controllers/users_controller.php on line 10 and defined in [/var/www/live-jamming/cake/libs/controller/controller.php, line 678]
2010-04-09 18:11:29 Warning: Warning (2): Cannot modify header information - headers already sent by (output started at /var/www/live-jamming/app/controllers/pages_controller.php:65) in [/var/www/live-jamming/cake/libs/controller/controller.php, line 747]
2010-04-10 18:01:38 Warning: Warning (2): Cannot modify header information - headers already sent by (output started at /var/www/live-jamming/cake/basics.php:107) in [/var/www/live-jamming/cake/libs/controller/components/cookie.php, line 365]
2010-04-10 18:01:38 Warning: Warning (2): Cannot modify header information - headers already sent by (output started at /var/www/live-jamming/cake/basics.php:107) in [/var/www/live-jamming/cake/libs/controller/controller.php, line 747]
2010-04-10 18:01:45 Warning: Warning (2): Cannot modify header information - headers already sent by (output started at /var/www/live-jamming/cake/basics.php:107) in [/var/www/live-jamming/cake/libs/controller/components/cookie.php, line 365]
2010-04-10 18:01:45 Warning: Warning (2): Cannot modify header information - headers already sent by (output started at /var/www/live-jamming/cake/basics.php:107) in [/var/www/live-jamming/cake/libs/controller/controller.php, line 747]
2010-04-10 18:05:49 Warning: Warning (2): Cannot modify header information - headers already sent by (output started at /var/www/live-jamming/app/app_controller.php:16) in [/var/www/live-jamming/cake/libs/controller/components/cookie.php, line 365]
2010-04-10 18:05:49 Warning: Warning (2): Cannot modify header information - headers already sent by (output started at /var/www/live-jamming/app/app_controller.php:16) in [/var/www/live-jamming/cake/libs/controller/controller.php, line 747]
2010-04-10 18:06:30 Warning: Warning (2): Cannot modify header information - headers already sent by (output started at /var/www/live-jamming/app/app_controller.php:16) in [/var/www/live-jamming/cake/libs/controller/components/cookie.php, line 365]
2010-04-10 18:06:30 Warning: Warning (2): Cannot modify header information - headers already sent by (output started at /var/www/live-jamming/app/app_controller.php:16) in [/var/www/live-jamming/cake/libs/controller/controller.php, line 747]
2010-04-10 18:18:47 Warning: Warning (2): array_flip() [<a href='http://php.net/function.array-flip'>function.array-flip</a>]: The argument should be an array in [/var/www/live-jamming/app/app_controller.php, line 11]
2010-04-10 18:18:47 Warning: Warning (2): in_array() [<a href='http://php.net/function.in-array'>function.in-array</a>]: Wrong datatype for second argument in [/var/www/live-jamming/app/app_controller.php, line 20]
2010-04-10 18:21:42 Warning: Warning (2): Cannot modify header information - headers already sent by (output started at /var/www/live-jamming/app/app_controller.php:15) in [/var/www/live-jamming/cake/libs/controller/controller.php, line 747]
2010-04-10 18:21:48 Warning: Warning (2): Cannot modify header information - headers already sent by (output started at /var/www/live-jamming/app/app_controller.php:15) in [/var/www/live-jamming/cake/libs/controller/controller.php, line 747]
2010-04-10 18:22:17 Warning: Warning (2): Cannot modify header information - headers already sent by (output started at /var/www/live-jamming/app/app_controller.php:15) in [/var/www/live-jamming/cake/libs/controller/components/cookie.php, line 365]
2010-04-10 18:22:17 Warning: Warning (2): Cannot modify header information - headers already sent by (output started at /var/www/live-jamming/app/app_controller.php:15) in [/var/www/live-jamming/cake/libs/controller/controller.php, line 747]
2010-04-10 18:22:47 Warning: Warning (2): Cannot modify header information - headers already sent by (output started at /var/www/live-jamming/app/app_controller.php:15) in [/var/www/live-jamming/cake/libs/controller/components/cookie.php, line 365]
2010-04-10 18:22:47 Warning: Warning (2): Cannot modify header information - headers already sent by (output started at /var/www/live-jamming/app/app_controller.php:15) in [/var/www/live-jamming/cake/libs/controller/controller.php, line 747]
2010-04-10 18:47:27 Warning: Warning (512): Users::isAuthorized() is not defined. in [/var/www/live-jamming/cake/libs/controller/controller.php, line 805]
2010-04-10 18:47:27 Warning: Warning (2): Cannot modify header information - headers already sent by (output started at /var/www/live-jamming/cake/libs/debugger.php:663) in [/var/www/live-jamming/cake/libs/controller/controller.php, line 747]
2010-04-10 18:49:03 Warning: Warning (512): Users::isAuthorized() is not defined. in [/var/www/live-jamming/cake/libs/controller/controller.php, line 805]
2010-04-10 18:49:03 Warning: Warning (2): Cannot modify header information - headers already sent by (output started at /var/www/live-jamming/cake/libs/debugger.php:663) in [/var/www/live-jamming/cake/libs/controller/controller.php, line 747]
2010-04-10 18:50:17 Warning: Warning (512): Users::isAuthorized() is not defined. in [/var/www/live-jamming/cake/libs/controller/controller.php, line 805]
2010-04-10 18:50:17 Warning: Warning (2): Cannot modify header information - headers already sent by (output started at /var/www/live-jamming/cake/libs/debugger.php:663) in [/var/www/live-jamming/cake/libs/controller/controller.php, line 747]
2010-04-10 19:05:34 Warning: Warning (512): Users::isAuthorized() is not defined. in [/var/www/live-jamming/cake/libs/controller/controller.php, line 805]
2010-04-10 19:05:34 Warning: Warning (2): Cannot modify header information - headers already sent by (output started at /var/www/live-jamming/cake/libs/debugger.php:663) in [/var/www/live-jamming/cake/libs/controller/controller.php, line 747]
2010-04-10 19:05:42 Warning: Warning (512): Users::isAuthorized() is not defined. in [/var/www/live-jamming/cake/libs/controller/controller.php, line 805]
2010-04-10 19:05:42 Warning: Warning (2): Cannot modify header information - headers already sent by (output started at /var/www/live-jamming/cake/libs/debugger.php:663) in [/var/www/live-jamming/cake/libs/controller/controller.php, line 747]
2010-04-10 19:10:06 Warning: Warning (2): Cannot modify header information - headers already sent by (output started at /var/www/live-jamming/cake/basics.php:107) in [/var/www/live-jamming/cake/libs/controller/controller.php, line 747]
2010-04-10 19:10:41 Warning: Warning (2): Cannot modify header information - headers already sent by (output started at /var/www/live-jamming/cake/basics.php:107) in [/var/www/live-jamming/cake/libs/controller/controller.php, line 747]
2010-04-10 19:11:46 Warning: Warning (2): Cannot modify header information - headers already sent by (output started at /var/www/live-jamming/cake/basics.php:107) in [/var/www/live-jamming/cake/libs/controller/controller.php, line 747]
2010-04-10 20:02:53 Warning: Warning (2): Cannot modify header information - headers already sent by (output started at /var/www/live-jamming/cake/basics.php:107) in [/var/www/live-jamming/cake/libs/controller/controller.php, line 747]
2010-04-10 20:07:26 Warning: Warning (2): Cannot modify header information - headers already sent by (output started at /var/www/live-jamming/cake/basics.php:107) in [/var/www/live-jamming/cake/libs/controller/controller.php, line 747]
2010-04-10 20:07:32 Warning: Warning (2): Cannot modify header information - headers already sent by (output started at /var/www/live-jamming/cake/basics.php:107) in [/var/www/live-jamming/cake/libs/controller/controller.php, line 747]
2010-04-10 20:20:25 Warning: Warning (2): Cannot modify header information - headers already sent by (output started at /var/www/live-jamming/cake/basics.php:107) in [/var/www/live-jamming/cake/libs/controller/controller.php, line 747]
2010-04-10 20:20:58 Warning: Warning (2): Cannot modify header information - headers already sent by (output started at /var/www/live-jamming/cake/basics.php:107) in [/var/www/live-jamming/cake/libs/controller/controller.php, line 747]
2010-04-10 20:21:25 Warning: Warning (2): Cannot modify header information - headers already sent by (output started at /var/www/live-jamming/cake/basics.php:107) in [/var/www/live-jamming/cake/libs/controller/controller.php, line 747]
2010-04-10 20:21:28 Warning: Warning (2): Cannot modify header information - headers already sent by (output started at /var/www/live-jamming/cake/basics.php:107) in [/var/www/live-jamming/cake/libs/controller/controller.php, line 747]
2010-04-10 20:21:52 Warning: Warning (2): Cannot modify header information - headers already sent by (output started at /var/www/live-jamming/cake/basics.php:107) in [/var/www/live-jamming/cake/libs/controller/controller.php, line 747]
2010-04-10 20:24:59 Warning: Warning (2): Cannot modify header information - headers already sent by (output started at /var/www/live-jamming/cake/basics.php:107) in [/var/www/live-jamming/cake/libs/controller/controller.php, line 747]
2010-04-10 20:25:40 Warning: Warning (2): Cannot modify header information - headers already sent by (output started at /var/www/live-jamming/cake/basics.php:107) in [/var/www/live-jamming/cake/libs/controller/controller.php, line 747]
2010-04-11 13:45:41 Warning: Warning (2): Cannot modify header information - headers already sent by (output started at /var/www/live-jamming/cake/libs/debugger.php:663) in [/var/www/live-jamming/cake/libs/controller/controller.php, line 747]
2010-04-11 13:45:42 Warning: Warning (2): Cannot modify header information - headers already sent by (output started at /var/www/live-jamming/cake/libs/debugger.php:663) in [/var/www/live-jamming/cake/libs/controller/controller.php, line 747]
2010-04-11 13:45:43 Warning: Warning (2): Cannot modify header information - headers already sent by (output started at /var/www/live-jamming/cake/libs/debugger.php:663) in [/var/www/live-jamming/cake/libs/controller/controller.php, line 747]
2010-04-11 13:45:44 Warning: Warning (2): Cannot modify header information - headers already sent by (output started at /var/www/live-jamming/cake/libs/debugger.php:663) in [/var/www/live-jamming/cake/libs/controller/controller.php, line 747]
2010-04-11 13:46:19 Warning: Warning (2): Cannot modify header information - headers already sent by (output started at /var/www/live-jamming/cake/libs/debugger.php:663) in [/var/www/live-jamming/cake/libs/controller/controller.php, line 747]
2010-04-11 13:46:31 Warning: Warning (2): Cannot modify header information - headers already sent by (output started at /var/www/live-jamming/cake/libs/debugger.php:663) in [/var/www/live-jamming/cake/libs/controller/controller.php, line 747]
2010-04-11 13:46:55 Warning: Warning (2): Cannot modify header information - headers already sent by (output started at /var/www/live-jamming/cake/libs/debugger.php:663) in [/var/www/live-jamming/cake/libs/controller/controller.php, line 747]
2010-04-11 13:47:23 Warning: Warning (2): Cannot modify header information - headers already sent by (output started at /var/www/live-jamming/cake/libs/debugger.php:663) in [/var/www/live-jamming/cake/libs/controller/controller.php, line 747]
2010-04-11 13:50:39 Warning: Warning (2): Cannot modify header information - headers already sent by (output started at /var/www/live-jamming/cake/libs/debugger.php:663) in [/var/www/live-jamming/cake/libs/controller/controller.php, line 747]
2010-04-11 13:50:44 Warning: Warning (2): Cannot modify header information - headers already sent by (output started at /var/www/live-jamming/cake/libs/debugger.php:663) in [/var/www/live-jamming/cake/libs/controller/controller.php, line 747]
2010-04-11 13:52:09 Warning: Warning (2): Cannot modify header information - headers already sent by (output started at /var/www/live-jamming/cake/libs/debugger.php:663) in [/var/www/live-jamming/cake/libs/controller/controller.php, line 747]
2010-04-11 13:52:14 Warning: Warning (2): Cannot modify header information - headers already sent by (output started at /var/www/live-jamming/cake/libs/debugger.php:663) in [/var/www/live-jamming/cake/libs/controller/controller.php, line 747]
2010-04-11 13:52:38 Warning: Warning (2): Cannot modify header information - headers already sent by (output started at /var/www/live-jamming/cake/libs/debugger.php:663) in [/var/www/live-jamming/cake/libs/controller/controller.php, line 747]
2010-04-11 13:52:42 Warning: Warning (2): Cannot modify header information - headers already sent by (output started at /var/www/live-jamming/cake/libs/debugger.php:663) in [/var/www/live-jamming/cake/libs/controller/controller.php, line 747]
2010-04-11 13:54:37 Warning: Warning (2): Cannot modify header information - headers already sent by (output started at /var/www/live-jamming/cake/libs/debugger.php:663) in [/var/www/live-jamming/cake/libs/controller/controller.php, line 747]
2010-04-11 13:54:41 Warning: Warning (2): Cannot modify header information - headers already sent by (output started at /var/www/live-jamming/cake/libs/debugger.php:663) in [/var/www/live-jamming/cake/libs/controller/controller.php, line 747]
2010-04-11 14:00:51 Warning: Warning (2): Cannot modify header information - headers already sent by (output started at /var/www/live-jamming/cake/libs/debugger.php:663) in [/var/www/live-jamming/cake/libs/controller/controller.php, line 747]
2010-04-11 14:01:19 Warning: Warning (2): Cannot modify header information - headers already sent by (output started at /var/www/live-jamming/cake/libs/debugger.php:663) in [/var/www/live-jamming/cake/libs/controller/controller.php, line 747]
2010-04-11 14:01:24 Warning: Warning (2): Cannot modify header information - headers already sent by (output started at /var/www/live-jamming/cake/libs/debugger.php:663) in [/var/www/live-jamming/cake/libs/controller/controller.php, line 747]
2010-04-11 16:18:25 Warning: Warning (2): Cannot modify header information - headers already sent by (output started at /var/www/live-jamming/cake/libs/debugger.php:663) in [/var/www/live-jamming/cake/libs/controller/controller.php, line 747]
2010-04-11 16:18:27 Warning: Warning (2): Cannot modify header information - headers already sent by (output started at /var/www/live-jamming/cake/libs/debugger.php:663) in [/var/www/live-jamming/cake/libs/controller/controller.php, line 747]
2010-04-11 16:20:03 Warning: Warning (2): Cannot modify header information - headers already sent by (output started at /var/www/live-jamming/cake/libs/debugger.php:663) in [/var/www/live-jamming/cake/libs/controller/controller.php, line 747]
2010-04-11 16:20:32 Warning: Warning (2): Cannot modify header information - headers already sent by (output started at /var/www/live-jamming/cake/libs/debugger.php:663) in [/var/www/live-jamming/cake/libs/controller/controller.php, line 747]
2010-04-11 16:20:40 Warning: Warning (2): Cannot modify header information - headers already sent by (output started at /var/www/live-jamming/cake/libs/debugger.php:663) in [/var/www/live-jamming/cake/libs/controller/controller.php, line 747]
2010-04-11 16:20:44 Warning: Warning (2): Cannot modify header information - headers already sent by (output started at /var/www/live-jamming/cake/libs/debugger.php:663) in [/var/www/live-jamming/cake/libs/controller/controller.php, line 747]
2010-04-11 16:20:47 Warning: Warning (2): Cannot modify header information - headers already sent by (output started at /var/www/live-jamming/cake/libs/debugger.php:663) in [/var/www/live-jamming/cake/libs/controller/controller.php, line 747]
2010-04-11 16:20:52 Warning: Warning (2): Cannot modify header information - headers already sent by (output started at /var/www/live-jamming/cake/libs/debugger.php:663) in [/var/www/live-jamming/cake/libs/controller/controller.php, line 747]
2010-04-11 16:20:58 Warning: Warning (2): Cannot modify header information - headers already sent by (output started at /var/www/live-jamming/cake/libs/debugger.php:663) in [/var/www/live-jamming/cake/libs/controller/controller.php, line 747]
2010-04-11 16:26:19 Warning: Warning (2): Cannot modify header information - headers already sent by (output started at /var/www/live-jamming/cake/libs/debugger.php:663) in [/var/www/live-jamming/cake/libs/controller/controller.php, line 747]
2010-04-11 16:26:30 Warning: Warning (2): Cannot modify header information - headers already sent by (output started at /var/www/live-jamming/cake/libs/debugger.php:663) in [/var/www/live-jamming/cake/libs/controller/controller.php, line 747]
2010-04-11 16:26:33 Warning: Warning (2): Cannot modify header information - headers already sent by (output started at /var/www/live-jamming/cake/libs/debugger.php:663) in [/var/www/live-jamming/cake/libs/controller/controller.php, line 747]
2010-04-11 16:26:36 Warning: Warning (2): Cannot modify header information - headers already sent by (output started at /var/www/live-jamming/cake/libs/debugger.php:663) in [/var/www/live-jamming/cake/libs/controller/controller.php, line 747]
2010-04-11 16:27:13 Warning: Warning (2): Cannot modify header information - headers already sent by (output started at /var/www/live-jamming/cake/libs/debugger.php:663) in [/var/www/live-jamming/cake/libs/controller/controller.php, line 747]
2010-04-11 16:27:14 Warning: Warning (2): Cannot modify header information - headers already sent by (output started at /var/www/live-jamming/cake/libs/debugger.php:663) in [/var/www/live-jamming/cake/libs/controller/controller.php, line 747]
2010-04-11 16:28:22 Warning: Warning (2): Cannot modify header information - headers already sent by (output started at /var/www/live-jamming/cake/libs/debugger.php:663) in [/var/www/live-jamming/cake/libs/controller/controller.php, line 747]
2010-04-11 16:28:44 Warning: Warning (2): Cannot modify header information - headers already sent by (output started at /var/www/live-jamming/cake/libs/debugger.php:663) in [/var/www/live-jamming/cake/libs/controller/controller.php, line 747]
2010-04-11 16:28:46 Warning: Warning (2): Cannot modify header information - headers already sent by (output started at /var/www/live-jamming/cake/libs/debugger.php:663) in [/var/www/live-jamming/cake/libs/controller/controller.php, line 747]
2010-04-11 16:32:02 Warning: Warning (2): Cannot modify header information - headers already sent by (output started at /var/www/live-jamming/cake/libs/debugger.php:663) in [/var/www/live-jamming/cake/libs/controller/controller.php, line 747]
2010-04-11 16:32:10 Warning: Warning (2): Cannot modify header information - headers already sent by (output started at /var/www/live-jamming/cake/libs/debugger.php:663) in [/var/www/live-jamming/cake/libs/controller/controller.php, line 747]
2010-04-11 16:32:17 Warning: Warning (2): Cannot modify header information - headers already sent by (output started at /var/www/live-jamming/cake/libs/debugger.php:663) in [/var/www/live-jamming/cake/libs/controller/controller.php, line 747]
2010-04-11 16:32:18 Warning: Warning (2): Cannot modify header information - headers already sent by (output started at /var/www/live-jamming/cake/libs/debugger.php:663) in [/var/www/live-jamming/cake/libs/controller/controller.php, line 747]
2010-04-11 16:32:19 Warning: Warning (2): Cannot modify header information - headers already sent by (output started at /var/www/live-jamming/cake/libs/debugger.php:663) in [/var/www/live-jamming/cake/libs/controller/controller.php, line 747]
2010-04-11 16:38:14 Warning: Warning (2): Cannot modify header information - headers already sent by (output started at /var/www/live-jamming/cake/libs/debugger.php:663) in [/var/www/live-jamming/cake/libs/controller/controller.php, line 747]
2010-04-11 16:38:22 Warning: Warning (2): Cannot modify header information - headers already sent by (output started at /var/www/live-jamming/cake/libs/debugger.php:663) in [/var/www/live-jamming/cake/libs/controller/controller.php, line 747]
2010-04-11 16:38:27 Warning: Warning (2): Cannot modify header information - headers already sent by (output started at /var/www/live-jamming/cake/libs/debugger.php:663) in [/var/www/live-jamming/cake/libs/controller/controller.php, line 747]
2010-04-11 16:39:03 Warning: Warning (2): Cannot modify header information - headers already sent by (output started at /var/www/live-jamming/cake/libs/debugger.php:663) in [/var/www/live-jamming/cake/libs/controller/controller.php, line 747]
2010-04-11 16:42:27 Warning: Warning (2): Cannot modify header information - headers already sent by (output started at /var/www/live-jamming/cake/libs/debugger.php:663) in [/var/www/live-jamming/cake/libs/controller/controller.php, line 747]
2010-04-11 16:42:31 Warning: Warning (2): Cannot modify header information - headers already sent by (output started at /var/www/live-jamming/cake/libs/debugger.php:663) in [/var/www/live-jamming/cake/libs/controller/controller.php, line 747]
2010-04-11 16:42:32 Warning: Warning (2): Cannot modify header information - headers already sent by (output started at /var/www/live-jamming/cake/libs/debugger.php:663) in [/var/www/live-jamming/cake/libs/controller/controller.php, line 747]
2010-04-11 16:44:26 Warning: Warning (2): Cannot modify header information - headers already sent by (output started at /var/www/live-jamming/cake/libs/debugger.php:663) in [/var/www/live-jamming/cake/libs/controller/controller.php, line 747]
2010-04-11 16:44:30 Warning: Warning (2): Cannot modify header information - headers already sent by (output started at /var/www/live-jamming/cake/libs/debugger.php:663) in [/var/www/live-jamming/cake/libs/controller/controller.php, line 747]
2010-04-11 16:44:46 Warning: Warning (2): Cannot modify header information - headers already sent by (output started at /var/www/live-jamming/cake/libs/debugger.php:663) in [/var/www/live-jamming/cake/libs/controller/controller.php, line 747]
2010-04-11 16:44:47 Warning: Warning (2): Cannot modify header information - headers already sent by (output started at /var/www/live-jamming/cake/libs/debugger.php:663) in [/var/www/live-jamming/cake/libs/controller/controller.php, line 747]
2010-04-11 16:45:54 Warning: Warning (2): Cannot modify header information - headers already sent by (output started at /var/www/live-jamming/cake/libs/debugger.php:663) in [/var/www/live-jamming/cake/libs/controller/controller.php, line 747]
2010-04-11 16:45:57 Warning: Warning (2): Cannot modify header information - headers already sent by (output started at /var/www/live-jamming/cake/libs/debugger.php:663) in [/var/www/live-jamming/cake/libs/controller/controller.php, line 747]
2010-04-11 16:46:09 Warning: Warning (2): Cannot modify header information - headers already sent by (output started at /var/www/live-jamming/cake/libs/debugger.php:663) in [/var/www/live-jamming/cake/libs/controller/controller.php, line 747]
2010-04-11 16:46:28 Warning: Warning (2): Cannot modify header information - headers already sent by (output started at /var/www/live-jamming/cake/libs/debugger.php:663) in [/var/www/live-jamming/cake/libs/controller/controller.php, line 747]
2010-04-11 16:46:35 Warning: Warning (2): Cannot modify header information - headers already sent by (output started at /var/www/live-jamming/cake/libs/debugger.php:663) in [/var/www/live-jamming/cake/libs/controller/controller.php, line 747]
2010-04-11 16:46:39 Warning: Warning (2): Cannot modify header information - headers already sent by (output started at /var/www/live-jamming/cake/libs/debugger.php:663) in [/var/www/live-jamming/cake/libs/controller/controller.php, line 747]
2010-04-11 16:46:42 Warning: Warning (2): Cannot modify header information - headers already sent by (output started at /var/www/live-jamming/cake/libs/debugger.php:663) in [/var/www/live-jamming/cake/libs/controller/controller.php, line 747]
2010-04-11 16:50:38 Warning: Warning (2): Cannot modify header information - headers already sent by (output started at /var/www/live-jamming/cake/libs/debugger.php:663) in [/var/www/live-jamming/cake/libs/controller/controller.php, line 747]
2010-04-11 16:50:44 Warning: Warning (2): Cannot modify header information - headers already sent by (output started at /var/www/live-jamming/cake/libs/debugger.php:663) in [/var/www/live-jamming/cake/libs/controller/controller.php, line 747]
2010-04-11 16:51:43 Warning: Warning (2): Cannot modify header information - headers already sent by (output started at /var/www/live-jamming/cake/libs/debugger.php:663) in [/var/www/live-jamming/cake/libs/controller/controller.php, line 747]
2010-04-11 16:51:49 Warning: Warning (2): Cannot modify header information - headers already sent by (output started at /var/www/live-jamming/cake/libs/debugger.php:663) in [/var/www/live-jamming/cake/libs/controller/controller.php, line 747]
2010-04-11 16:53:38 Warning: Warning (2): Cannot modify header information - headers already sent by (output started at /var/www/live-jamming/cake/libs/debugger.php:663) in [/var/www/live-jamming/cake/libs/controller/controller.php, line 747]
2010-04-11 16:53:40 Warning: Warning (2): Cannot modify header information - headers already sent by (output started at /var/www/live-jamming/cake/libs/debugger.php:663) in [/var/www/live-jamming/cake/libs/controller/controller.php, line 747]
2010-04-11 16:53:53 Warning: Warning (2): Cannot modify header information - headers already sent by (output started at /var/www/live-jamming/cake/libs/debugger.php:663) in [/var/www/live-jamming/cake/libs/controller/controller.php, line 747]
2010-04-11 16:53:57 Warning: Warning (2): Cannot modify header information - headers already sent by (output started at /var/www/live-jamming/cake/libs/debugger.php:663) in [/var/www/live-jamming/cake/libs/controller/controller.php, line 747]
2010-04-11 16:54:29 Warning: Warning (2): Cannot modify header information - headers already sent by (output started at /var/www/live-jamming/cake/libs/debugger.php:663) in [/var/www/live-jamming/cake/libs/controller/controller.php, line 747]
2010-04-11 16:54:32 Warning: Warning (2): Cannot modify header information - headers already sent by (output started at /var/www/live-jamming/cake/libs/debugger.php:663) in [/var/www/live-jamming/cake/libs/controller/controller.php, line 747]
2010-04-11 16:54:37 Warning: Warning (2): Cannot modify header information - headers already sent by (output started at /var/www/live-jamming/cake/libs/debugger.php:663) in [/var/www/live-jamming/cake/libs/controller/controller.php, line 747]
2010-04-11 16:55:10 Warning: Warning (2): Cannot modify header information - headers already sent by (output started at /var/www/live-jamming/cake/basics.php:107) in [/var/www/live-jamming/cake/libs/controller/controller.php, line 747]
2010-04-11 16:58:48 Warning: Warning (2): Cannot modify header information - headers already sent by (output started at /var/www/live-jamming/cake/libs/debugger.php:663) in [/var/www/live-jamming/cake/libs/controller/controller.php, line 747]
2010-04-11 16:59:23 Warning: Warning (2): Cannot modify header information - headers already sent by (output started at /var/www/live-jamming/cake/libs/debugger.php:663) in [/var/www/live-jamming/cake/libs/controller/controller.php, line 747]
2010-04-11 17:03:38 Warning: Warning (2): Cannot modify header information - headers already sent by (output started at /var/www/live-jamming/cake/basics.php:107) in [/var/www/live-jamming/cake/libs/controller/controller.php, line 747]
2010-04-11 17:06:00 Warning: Warning (2): Cannot modify header information - headers already sent by (output started at /var/www/live-jamming/cake/libs/debugger.php:663) in [/var/www/live-jamming/cake/libs/controller/controller.php, line 747]
2010-04-11 17:06:50 Warning: Warning (2): imageftbbox() [<a href='http://php.net/function.imageftbbox'>function.imageftbbox</a>]: Could not find/open font in [/var/www/live-jamming/app/vendors/phpcaptcha/phpcaptcha.php, line 296]
2010-04-11 17:06:50 Warning: Warning (2): imagefttext() [<a href='http://php.net/function.imagefttext'>function.imagefttext</a>]: Could not find/open font in [/var/www/live-jamming/app/vendors/phpcaptcha/phpcaptcha.php, line 304]
2010-04-11 17:06:50 Warning: Warning (2): Cannot modify header information - headers already sent by (output started at /var/www/live-jamming/cake/basics.php:107) in [/var/www/live-jamming/app/vendors/phpcaptcha/phpcaptcha.php, line 320]
2010-04-11 17:07:06 Warning: Warning (2): imageftbbox() [<a href='http://php.net/function.imageftbbox'>function.imageftbbox</a>]: Could not find/open font in [/var/www/live-jamming/app/vendors/phpcaptcha/phpcaptcha.php, line 296]
2010-04-11 17:07:06 Warning: Warning (2): imagefttext() [<a href='http://php.net/function.imagefttext'>function.imagefttext</a>]: Could not find/open font in [/var/www/live-jamming/app/vendors/phpcaptcha/phpcaptcha.php, line 304]
2010-04-11 17:07:06 Warning: Warning (2): Cannot modify header information - headers already sent by (output started at /var/www/live-jamming/cake/basics.php:107) in [/var/www/live-jamming/app/vendors/phpcaptcha/phpcaptcha.php, line 320]
2010-04-11 17:07:20 Warning: Warning (2): imageftbbox() [<a href='http://php.net/function.imageftbbox'>function.imageftbbox</a>]: Could not find/open font in [/var/www/live-jamming/app/vendors/phpcaptcha/phpcaptcha.php, line 296]
2010-04-11 17:07:20 Warning: Warning (2): imagefttext() [<a href='http://php.net/function.imagefttext'>function.imagefttext</a>]: Could not find/open font in [/var/www/live-jamming/app/vendors/phpcaptcha/phpcaptcha.php, line 304]
2010-04-11 17:07:20 Warning: Warning (2): Cannot modify header information - headers already sent by (output started at /var/www/live-jamming/cake/basics.php:107) in [/var/www/live-jamming/app/vendors/phpcaptcha/phpcaptcha.php, line 320]
2010-04-11 17:07:20 Warning: Warning (2): imageftbbox() [<a href='http://php.net/function.imageftbbox'>function.imageftbbox</a>]: Could not find/open font in [/var/www/live-jamming/app/vendors/phpcaptcha/phpcaptcha.php, line 296]
2010-04-11 17:07:20 Warning: Warning (2): imagefttext() [<a href='http://php.net/function.imagefttext'>function.imagefttext</a>]: Could not find/open font in [/var/www/live-jamming/app/vendors/phpcaptcha/phpcaptcha.php, line 304]
2010-04-11 17:07:20 Warning: Warning (2): Cannot modify header information - headers already sent by (output started at /var/www/live-jamming/cake/basics.php:107) in [/var/www/live-jamming/app/vendors/phpcaptcha/phpcaptcha.php, line 320]
2010-04-11 17:07:25 Warning: Warning (2): imageftbbox() [<a href='http://php.net/function.imageftbbox'>function.imageftbbox</a>]: Could not find/open font in [/var/www/live-jamming/app/vendors/phpcaptcha/phpcaptcha.php, line 296]
2010-04-11 17:07:25 Warning: Warning (2): imagefttext() [<a href='http://php.net/function.imagefttext'>function.imagefttext</a>]: Could not find/open font in [/var/www/live-jamming/app/vendors/phpcaptcha/phpcaptcha.php, line 304]
2010-04-11 17:07:25 Warning: Warning (2): Cannot modify header information - headers already sent by (output started at /var/www/live-jamming/cake/basics.php:107) in [/var/www/live-jamming/app/vendors/phpcaptcha/phpcaptcha.php, line 320]
2010-04-11 17:07:25 Warning: Warning (2): imageftbbox() [<a href='http://php.net/function.imageftbbox'>function.imageftbbox</a>]: Could not find/open font in [/var/www/live-jamming/app/vendors/phpcaptcha/phpcaptcha.php, line 296]
2010-04-11 17:07:25 Warning: Warning (2): imagefttext() [<a href='http://php.net/function.imagefttext'>function.imagefttext</a>]: Could not find/open font in [/var/www/live-jamming/app/vendors/phpcaptcha/phpcaptcha.php, line 304]
2010-04-11 17:07:25 Warning: Warning (2): Cannot modify header information - headers already sent by (output started at /var/www/live-jamming/cake/basics.php:107) in [/var/www/live-jamming/app/vendors/phpcaptcha/phpcaptcha.php, line 320]
2010-04-11 17:10:03 Warning: Warning (2): imageftbbox() [<a href='http://php.net/function.imageftbbox'>function.imageftbbox</a>]: Could not find/open font in [/var/www/live-jamming/app/vendors/phpcaptcha/phpcaptcha.php, line 296]
2010-04-11 17:10:03 Warning: Warning (2): imagefttext() [<a href='http://php.net/function.imagefttext'>function.imagefttext</a>]: Could not find/open font in [/var/www/live-jamming/app/vendors/phpcaptcha/phpcaptcha.php, line 304]
2010-04-11 17:10:03 Warning: Warning (2): Cannot modify header information - headers already sent by (output started at /var/www/live-jamming/cake/libs/debugger.php:663) in [/var/www/live-jamming/app/vendors/phpcaptcha/phpcaptcha.php, line 320]
2010-04-11 18:01:14 Warning: Warning (2): Cannot modify header information - headers already sent by (output started at /var/www/live-jamming/cake/basics.php:107) in [/var/www/live-jamming/cake/libs/controller/controller.php, line 747]
2010-04-11 18:13:40 Warning: Warning (2): imagecreatefromjpeg() [<a href='http://php.net/function.imagecreatefromjpeg'>function.imagecreatefromjpeg</a>]: 'img/demo/60x60.gif' is not a valid JPEG file in [/var/www/live-jamming/app/vendors/phpcaptcha/phpcaptcha.php, line 351]
2010-04-11 18:13:40 Warning: Warning (2): imagecopy(): supplied argument is not a valid Image resource in [/var/www/live-jamming/app/vendors/phpcaptcha/phpcaptcha.php, line 355]
2010-04-11 18:13:40 Warning: Warning (2): imagedestroy(): supplied argument is not a valid Image resource in [/var/www/live-jamming/app/vendors/phpcaptcha/phpcaptcha.php, line 358]
2010-04-11 18:13:40 Warning: Warning (2): Cannot modify header information - headers already sent by (output started at /var/www/live-jamming/cake/libs/debugger.php:663) in [/var/www/live-jamming/app/vendors/phpcaptcha/phpcaptcha.php, line 320]
2010-04-11 18:13:51 Warning: Warning (2): imagecreatefromjpeg(../../img/demo/60x60.gif) [<a href='http://php.net/function.imagecreatefromjpeg'>function.imagecreatefromjpeg</a>]: failed to open stream: No such file or directory in [/var/www/live-jamming/app/vendors/phpcaptcha/phpcaptcha.php, line 351]
2010-04-11 18:13:51 Warning: Warning (2): imagecopy(): supplied argument is not a valid Image resource in [/var/www/live-jamming/app/vendors/phpcaptcha/phpcaptcha.php, line 355]
2010-04-11 18:13:51 Warning: Warning (2): imagedestroy(): supplied argument is not a valid Image resource in [/var/www/live-jamming/app/vendors/phpcaptcha/phpcaptcha.php, line 358]
2010-04-11 18:13:51 Warning: Warning (2): Cannot modify header information - headers already sent by (output started at /var/www/live-jamming/cake/libs/debugger.php:663) in [/var/www/live-jamming/app/vendors/phpcaptcha/phpcaptcha.php, line 320]
2010-04-11 18:13:57 Warning: Warning (2): imagecreatefromjpeg(../../../img/demo/60x60.gif) [<a href='http://php.net/function.imagecreatefromjpeg'>function.imagecreatefromjpeg</a>]: failed to open stream: No such file or directory in [/var/www/live-jamming/app/vendors/phpcaptcha/phpcaptcha.php, line 351]
2010-04-11 18:13:57 Warning: Warning (2): imagecopy(): supplied argument is not a valid Image resource in [/var/www/live-jamming/app/vendors/phpcaptcha/phpcaptcha.php, line 355]
2010-04-11 18:13:57 Warning: Warning (2): imagedestroy(): supplied argument is not a valid Image resource in [/var/www/live-jamming/app/vendors/phpcaptcha/phpcaptcha.php, line 358]
2010-04-11 18:13:57 Warning: Warning (2): Cannot modify header information - headers already sent by (output started at /var/www/live-jamming/cake/libs/debugger.php:663) in [/var/www/live-jamming/app/vendors/phpcaptcha/phpcaptcha.php, line 320]
2010-04-11 18:14:34 Warning: Warning (2): imagecreatefromjpeg(../../webroot/img/demo/60x60.gif) [<a href='http://php.net/function.imagecreatefromjpeg'>function.imagecreatefromjpeg</a>]: failed to open stream: No such file or directory in [/var/www/live-jamming/app/vendors/phpcaptcha/phpcaptcha.php, line 351]
2010-04-11 18:14:34 Warning: Warning (2): imagecopy(): supplied argument is not a valid Image resource in [/var/www/live-jamming/app/vendors/phpcaptcha/phpcaptcha.php, line 355]
2010-04-11 18:14:34 Warning: Warning (2): imagedestroy(): supplied argument is not a valid Image resource in [/var/www/live-jamming/app/vendors/phpcaptcha/phpcaptcha.php, line 358]
2010-04-11 18:14:34 Warning: Warning (2): Cannot modify header information - headers already sent by (output started at /var/www/live-jamming/cake/libs/debugger.php:663) in [/var/www/live-jamming/app/vendors/phpcaptcha/phpcaptcha.php, line 320]
2010-04-11 18:14:43 Warning: Warning (2): imagecreatefromjpeg(./../../webroot/img/demo/60x60.gif) [<a href='http://php.net/function.imagecreatefromjpeg'>function.imagecreatefromjpeg</a>]: failed to open stream: No such file or directory in [/var/www/live-jamming/app/vendors/phpcaptcha/phpcaptcha.php, line 351]
2010-04-11 18:14:43 Warning: Warning (2): imagecopy(): supplied argument is not a valid Image resource in [/var/www/live-jamming/app/vendors/phpcaptcha/phpcaptcha.php, line 355]
2010-04-11 18:14:43 Warning: Warning (2): imagedestroy(): supplied argument is not a valid Image resource in [/var/www/live-jamming/app/vendors/phpcaptcha/phpcaptcha.php, line 358]
2010-04-11 18:14:43 Warning: Warning (2): Cannot modify header information - headers already sent by (output started at /var/www/live-jamming/cake/libs/debugger.php:663) in [/var/www/live-jamming/app/vendors/phpcaptcha/phpcaptcha.php, line 320]
2010-04-11 18:14:48 Warning: Warning (2): imagecreatefromjpeg() [<a href='http://php.net/function.imagecreatefromjpeg'>function.imagecreatefromjpeg</a>]: './../webroot/img/demo/60x60.gif' is not a valid JPEG file in [/var/www/live-jamming/app/vendors/phpcaptcha/phpcaptcha.php, line 351]
2010-04-11 18:14:48 Warning: Warning (2): imagecopy(): supplied argument is not a valid Image resource in [/var/www/live-jamming/app/vendors/phpcaptcha/phpcaptcha.php, line 355]
2010-04-11 18:14:48 Warning: Warning (2): imagedestroy(): supplied argument is not a valid Image resource in [/var/www/live-jamming/app/vendors/phpcaptcha/phpcaptcha.php, line 358]
2010-04-11 18:14:48 Warning: Warning (2): Cannot modify header information - headers already sent by (output started at /var/www/live-jamming/cake/libs/debugger.php:663) in [/var/www/live-jamming/app/vendors/phpcaptcha/phpcaptcha.php, line 320]
2010-04-11 18:18:00 Warning: Warning (2): Wrong parameter count for imagecolorallocate() in [/var/www/live-jamming/app/vendors/phpcaptcha/phpcaptcha.php, line 365]
2010-04-11 18:18:00 Warning: Warning (2): Cannot modify header information - headers already sent by (output started at /var/www/live-jamming/cake/libs/debugger.php:663) in [/var/www/live-jamming/app/vendors/phpcaptcha/phpcaptcha.php, line 320]
2010-04-11 18:18:03 Warning: Warning (2): Wrong parameter count for imagecolorallocate() in [/var/www/live-jamming/app/vendors/phpcaptcha/phpcaptcha.php, line 365]
2010-04-11 18:18:03 Warning: Warning (2): Cannot modify header information - headers already sent by (output started at /var/www/live-jamming/cake/libs/debugger.php:663) in [/var/www/live-jamming/app/vendors/phpcaptcha/phpcaptcha.php, line 320]
2010-04-11 18:19:38 Warning: Warning (2): Wrong parameter count for imagecolorallocate() in [/var/www/live-jamming/app/vendors/phpcaptcha/phpcaptcha.php, line 365]
2010-04-11 18:19:38 Warning: Warning (2): Cannot modify header information - headers already sent by (output started at /var/www/live-jamming/cake/libs/debugger.php:663) in [/var/www/live-jamming/app/vendors/phpcaptcha/phpcaptcha.php, line 320]
2010-04-11 18:19:41 Warning: Warning (2): Wrong parameter count for imagecolorallocate() in [/var/www/live-jamming/app/vendors/phpcaptcha/phpcaptcha.php, line 365]
2010-04-11 18:19:41 Warning: Warning (2): Cannot modify header information - headers already sent by (output started at /var/www/live-jamming/cake/libs/debugger.php:663) in [/var/www/live-jamming/app/vendors/phpcaptcha/phpcaptcha.php, line 320]
2010-04-11 18:19:42 Warning: Warning (2): Wrong parameter count for imagecolorallocate() in [/var/www/live-jamming/app/vendors/phpcaptcha/phpcaptcha.php, line 365]
2010-04-11 18:19:42 Warning: Warning (2): Cannot modify header information - headers already sent by (output started at /var/www/live-jamming/cake/libs/debugger.php:663) in [/var/www/live-jamming/app/vendors/phpcaptcha/phpcaptcha.php, line 320]
2010-04-14 13:29:25 Warning: Warning (2): Cannot modify header information - headers already sent by (output started at /var/www/live-jamming/cake/libs/debugger.php:663) in [/var/www/live-jamming/cake/libs/controller/controller.php, line 747]
2010-04-14 13:38:43 Warning: Warning (2): Cannot modify header information - headers already sent by (output started at /var/www/live-jamming/cake/libs/debugger.php:663) in [/var/www/live-jamming/cake/libs/controller/controller.php, line 747]
2010-04-14 14:03:28 Warning: Warning (2): Cannot modify header information - headers already sent by (output started at /var/www/live-jamming/cake/libs/debugger.php:663) in [/var/www/live-jamming/cake/libs/controller/controller.php, line 747]
2010-04-14 14:10:41 Warning: Warning (2): mysql_real_escape_string() expects parameter 1 to be string, object given in [/var/www/live-jamming/cake/libs/model/datasources/dbo/dbo_mysql.php, line 655]
2010-04-14 14:11:08 Warning: Warning (2): Cannot modify header information - headers already sent by (output started at /var/www/live-jamming/cake/basics.php:107) in [/var/www/live-jamming/cake/libs/controller/controller.php, line 747]
2010-04-14 15:55:36 Warning: Warning (2): Missing argument 1 for UsersController::account() in [/var/www/live-jamming/app/controllers/users_controller.php, line 41]
2010-04-14 16:30:09 Warning: Warning (2): Cannot modify header information - headers already sent by (output started at /var/www/live-jamming/cake/libs/debugger.php:663) in [/var/www/live-jamming/cake/libs/controller/controller.php, line 747]
2010-04-14 16:30:16 Warning: Warning (2): Cannot modify header information - headers already sent by (output started at /var/www/live-jamming/cake/libs/debugger.php:663) in [/var/www/live-jamming/cake/libs/controller/controller.php, line 747]
2010-04-14 16:30:18 Warning: Warning (2): Cannot modify header information - headers already sent by (output started at /var/www/live-jamming/cake/libs/debugger.php:663) in [/var/www/live-jamming/cake/libs/controller/controller.php, line 747]
2010-04-14 16:32:44 Warning: Warning (2): Cannot modify header information - headers already sent by (output started at /var/www/live-jamming/cake/libs/debugger.php:663) in [/var/www/live-jamming/cake/libs/controller/controller.php, line 747]
2010-04-14 18:31:27 Warning: Warning (512): <span style="color:Red;text-align:left"><b>SQL Error:</b> 1064: You have an error in your SQL syntax; check the manual that corresponds to your MySQL server version for the right syntax to use near 'url' at line 1</span> in [/var/www/live-jamming/cake/libs/model/datasources/dbo_source.php, line 669]
2010-04-14 18:43:22 Warning: Warning (2): Cannot modify header information - headers already sent by (output started at /var/www/live-jamming/cake/basics.php:107) in [/var/www/live-jamming/cake/libs/controller/controller.php, line 747]
2010-04-14 18:43:44 Warning: Warning (2): Cannot modify header information - headers already sent by (output started at /var/www/live-jamming/cake/basics.php:107) in [/var/www/live-jamming/cake/libs/controller/controller.php, line 747]
2010-04-15 12:29:38 Warning: Warning (2): Cannot modify header information - headers already sent by (output started at /var/www/live-jamming/cake/basics.php:107) in [/var/www/live-jamming/cake/libs/controller/controller.php, line 747]
2010-04-15 12:48:51 Warning: Warning (2): Cannot modify header information - headers already sent by (output started at /var/www/live-jamming/cake/basics.php:107) in [/var/www/live-jamming/cake/libs/controller/controller.php, line 747]
2010-04-15 12:55:32 Warning: Warning (2): Cannot modify header information - headers already sent by (output started at /var/www/live-jamming/cake/libs/debugger.php:663) in [/var/www/live-jamming/cake/libs/controller/controller.php, line 747]
2010-04-15 12:55:34 Warning: Warning (2): Cannot modify header information - headers already sent by (output started at /var/www/live-jamming/cake/libs/debugger.php:663) in [/var/www/live-jamming/cake/libs/controller/controller.php, line 747]
2010-04-15 12:55:36 Warning: Warning (2): Cannot modify header information - headers already sent by (output started at /var/www/live-jamming/cake/libs/debugger.php:663) in [/var/www/live-jamming/cake/libs/controller/controller.php, line 747]
2010-04-15 12:55:42 Warning: Warning (2): Cannot modify header information - headers already sent by (output started at /var/www/live-jamming/cake/libs/debugger.php:663) in [/var/www/live-jamming/cake/libs/controller/controller.php, line 747]
2010-04-15 12:55:46 Warning: Warning (2): Cannot modify header information - headers already sent by (output started at /var/www/live-jamming/cake/libs/debugger.php:663) in [/var/www/live-jamming/cake/libs/controller/controller.php, line 747]
2010-04-15 12:56:20 Warning: Warning (2): Cannot modify header information - headers already sent by (output started at /var/www/live-jamming/cake/basics.php:107) in [/var/www/live-jamming/cake/libs/controller/controller.php, line 747]
2010-04-16 00:03:14 Warning: Warning (2): Cannot modify header information - headers already sent by (output started at /var/www/live-jamming/cake/basics.php:107) in [/var/www/live-jamming/cake/libs/controller/controller.php, line 747]
2010-04-16 00:29:40 Warning: Warning (2): Cannot modify header information - headers already sent by (output started at /var/www/live-jamming/cake/basics.php:107) in [/var/www/live-jamming/cake/libs/controller/controller.php, line 747]
2010-04-16 00:29:50 Warning: Warning (2): Cannot modify header information - headers already sent by (output started at /var/www/live-jamming/cake/basics.php:107) in [/var/www/live-jamming/cake/libs/controller/controller.php, line 747]
2010-04-16 01:15:03 Warning: Warning (2): Cannot modify header information - headers already sent by (output started at /var/www/live-jamming/cake/libs/debugger.php:663) in [/var/www/live-jamming/cake/libs/controller/controller.php, line 747]
2010-04-16 01:20:30 Warning: Warning (512): <span style="color:Red;text-align:left"><b>SQL Error:</b> 1064: You have an error in your SQL syntax; check the manual that corresponds to your MySQL server version for the right syntax to use near 'Instrument' at line 1</span> in [/var/www/live-jamming/cake/libs/model/datasources/dbo_source.php, line 669]
2010-04-16 01:30:25 Warning: Warning (2): Cannot modify header information - headers already sent by (output started at /var/www/live-jamming/cake/basics.php:107) in [/var/www/live-jamming/cake/libs/controller/controller.php, line 747]
2010-04-16 02:45:45 Warning: Warning (2): Cannot modify header information - headers already sent by (output started at /var/www/live-jamming/cake/basics.php:107) in [/var/www/live-jamming/cake/libs/controller/controller.php, line 747]
2010-04-16 02:52:18 Warning: Warning (2): Cannot modify header information - headers already sent by (output started at /var/www/live-jamming/cake/basics.php:107) in [/var/www/live-jamming/cake/libs/controller/controller.php, line 747]
2010-04-16 02:52:55 Warning: Warning (2): Cannot modify header information - headers already sent by (output started at /var/www/live-jamming/cake/basics.php:107) in [/var/www/live-jamming/cake/libs/controller/controller.php, line 747]
